<?xml version="1.0" encoding="UTF-8"?>
<!-- Generated by org.testng.reporters.JUnitXMLReporter -->
<testsuite hostname="hp" ignored="2" name="Chrome Tests" tests="2" failures="1" timestamp="24 May 2020 19:14:30 GMT" time="163.23" errors="0">
  <testcase name="searchProductAndAddToCart" time="61.489" classname="com.myshopify.ecom_optimus.tests.SearchAndAddToCart"/>
  <testcase name="increaseProductQuantityAndValidatePrice" time="45.314" classname="com.myshopify.ecom_optimus.tests.SearchAndAddToCart">
    <failure type="java.lang.AssertionError" message="null">
      <![CDATA[java.lang.AssertionError: null
at com.myshopify.ecom_optimus.pages.EcomOptimusHomePage.tapCartIcon(EcomOptimusHomePage.java:89)
at com.myshopify.ecom_optimus.tests.SearchAndAddToCart.increaseProductQuantityAndValidatePrice(SearchAndAddToCart.java:79)
... Removed 27 stack frames]]>
    </failure>
  </testcase> <!-- increaseProductQuantityAndValidatePrice -->
  <testcase name="addProductsWithMultipleSizes" time="0.0" classname="com.myshopify.ecom_optimus.tests.SearchAndAddToCart">
    <ignored/>
  </testcase> <!-- addProductsWithMultipleSizes -->
  <testcase name="addProductFromFeaturedCollection" time="0.0" classname="com.myshopify.ecom_optimus.tests.SearchAndAddToCart">
    <ignored/>
  </testcase> <!-- addProductFromFeaturedCollection -->
</testsuite> <!-- Chrome Tests -->
